This file contains any messages produced by compilers while
running configure, to aid debugging if configure makes a mistake.

It was created by telepathy-sunshine configure 0.2.0, which was
generated by GNU Autoconf 2.67.  Invocation command line was

  $ /home/Tomek/gg/telepathy-sunshine-0.2.0/./configure --build=i486-linux-gnu --prefix=/usr --includedir=${prefix}/include --mandir=${prefix}/share/man --infodir=${prefix}/share/info --sysconfdir=/etc --localstatedir=/var --libexecdir=${prefix}/lib/telepathy --disable-maintainer-mode --disable-dependency-tracking --disable-silent-rules --srcdir=. --bindir=${prefix}/lib/telepathy --disable-silent-rules

## --------- ##
## Platform. ##
## --------- ##

hostname = Buba
uname -m = i486
uname -r = 2.6.40.6-0.fc15.x86_64
uname -s = Linux
uname -v = #1 SMP Tue Oct 4 00:39:50 UTC 2011

/usr/bin/uname -p = unknown
/bin/uname -X     = unknown

/bin/arch              = i486
/usr/bin/arch -k       = i486
/usr/convex/getsysinfo = unknown
/usr/bin/hostinfo      = unknown
/bin/machine           = unknown
/usr/bin/oslevel       = unknown
/bin/universe          = unknown

PATH: /host_usr/bin
PATH: /scratchbox/devkits/hashutils-squeeze-sdk/bin
PATH: /scratchbox/devkits/debian-squeeze/bin
PATH: /scratchbox/devkits/perl/bin
PATH: /scratchbox/tools/bin
PATH: /targets/links/arch_tools/bin
PATH: /scratchbox/compilers/bin
PATH: /bin
PATH: /usr/bin
PATH: /usr/local/bin
PATH: /usr/X11R6/bin
PATH: /sbin
PATH: /usr/sbin


## ----------- ##
## Core tests. ##
## ----------- ##

configure:1721: checking for a BSD-compatible install
configure:1789: result: /scratchbox/tools/bin/install -c
configure:1800: checking whether build environment is sane
configure:1850: result: yes
configure:1991: checking for a thread-safe mkdir -p
configure:2030: result: /scratchbox/tools/bin/mkdir -p
configure:2043: checking for gawk
configure:2059: found /scratchbox/tools/bin/gawk
configure:2070: result: gawk
configure:2081: checking whether make sets $(MAKE)
configure:2103: result: yes
configure:2215: checking for a Python interpreter with version >= 2.5
configure:2232: python -c import sys # split strings by '.' and convert to numeric. Append some zeros # because we need at least 4 digits for the hex conversion. # map returns an iterator in Python 3.0 and a list in 2.x minver = list(map(int, '2.5'.split('.'))) + [0, 0, 0] minverhex = 0 # xrange is not present in Python 3.0 and range returns an iterator for i in list(range(0, 4)): minverhex = (minverhex << 8) + minver[i] sys.exit(sys.hexversion < minverhex)
configure:2235: $? = 0
configure:2241: result: python
configure:2249: checking for python
configure:2267: found /usr/bin/python
configure:2279: result: /usr/bin/python
configure:2297: checking for python version
configure:2304: result: 2.6
configure:2316: checking for python platform
configure:2323: result: linux2
configure:2330: checking for python script directory
configure:2359: result: ${prefix}/lib/python2.6/dist-packages
configure:2368: checking for python extension module directory
configure:2397: result: ${exec_prefix}/lib/python2.6/dist-packages
configure:2553: creating ./config.status

## ---------------------- ##
## Running config.status. ##
## ---------------------- ##

This file was extended by telepathy-sunshine config.status 0.2.0, which was
generated by GNU Autoconf 2.67.  Invocation command line was

  CONFIG_FILES    = 
  CONFIG_HEADERS  = 
  CONFIG_LINKS    = 
  CONFIG_COMMANDS = 
  $ ./config.status 

on Buba

config.status:766: creating Makefile
config.status:766: creating data/Makefile
config.status:766: creating sunshine/lqsoft/Makefile
config.status:766: creating sunshine/lqsoft/cstruct/Makefile
config.status:766: creating sunshine/lqsoft/cstruct/fields/Makefile
config.status:766: creating sunshine/lqsoft/cstruct/test/Makefile
config.status:766: creating sunshine/lqsoft/pygadu/Makefile
config.status:766: creating sunshine/lqsoft/utils/Makefile
config.status:766: creating sunshine/Makefile
config.status:766: creating sunshine/util/Makefile
config.status:766: creating sunshine/channel/Makefile
configure:3586: WARNING: unrecognized options: --disable-maintainer-mode, --disable-dependency-tracking, --disable-silent-rules, --disable-silent-rules

## ---------------- ##
## Cache variables. ##
## ---------------- ##

ac_cv_env_build_alias_set=set
ac_cv_env_build_alias_value=i486-linux-gnu
ac_cv_env_host_alias_set=
ac_cv_env_host_alias_value=
ac_cv_env_target_alias_set=
ac_cv_env_target_alias_value=
ac_cv_path_PYTHON=/usr/bin/python
ac_cv_path_install='/scratchbox/tools/bin/install -c'
ac_cv_path_mkdir=/scratchbox/tools/bin/mkdir
ac_cv_prog_AWK=gawk
ac_cv_prog_make_make_set=yes
am_cv_pathless_PYTHON=python
am_cv_python_platform=linux2
am_cv_python_pyexecdir='${exec_prefix}/lib/python2.6/dist-packages'
am_cv_python_pythondir='${prefix}/lib/python2.6/dist-packages'
am_cv_python_version=2.6

## ----------------- ##
## Output variables. ##
## ----------------- ##

ACLOCAL='${SHELL} /home/Tomek/gg/telepathy-sunshine-0.2.0/missing --run aclocal-1.11'
AMTAR='${SHELL} /home/Tomek/gg/telepathy-sunshine-0.2.0/missing --run tar'
AUTOCONF='${SHELL} /home/Tomek/gg/telepathy-sunshine-0.2.0/missing --run autoconf'
AUTOHEADER='${SHELL} /home/Tomek/gg/telepathy-sunshine-0.2.0/missing --run autoheader'
AUTOMAKE='${SHELL} /home/Tomek/gg/telepathy-sunshine-0.2.0/missing --run automake-1.11'
AWK='gawk'
CYGPATH_W='echo'
DEFS='-DPACKAGE_NAME=\"telepathy-sunshine\" -DPACKAGE_TARNAME=\"telepathy-sunshine\" -DPACKAGE_VERSION=\"0.2.0\" -DPACKAGE_STRING=\"telepathy-sunshine\ 0.2.0\" -DPACKAGE_BUGREPORT=\"\" -DPACKAGE_URL=\"\" -DPACKAGE=\"telepathy-sunshine\" -DVERSION=\"0.2.0\"'
ECHO_C=''
ECHO_N='-n'
ECHO_T=''
INSTALL_DATA='${INSTALL} -m 644'
INSTALL_PROGRAM='${INSTALL}'
INSTALL_SCRIPT='${INSTALL}'
INSTALL_STRIP_PROGRAM='$(install_sh) -c -s'
LIBOBJS=''
LIBS=''
LTLIBOBJS=''
MAKEINFO='${SHELL} /home/Tomek/gg/telepathy-sunshine-0.2.0/missing --run makeinfo'
MKDIR_P='/scratchbox/tools/bin/mkdir -p'
PACKAGE='telepathy-sunshine'
PACKAGE_BUGREPORT=''
PACKAGE_NAME='telepathy-sunshine'
PACKAGE_STRING='telepathy-sunshine 0.2.0'
PACKAGE_TARNAME='telepathy-sunshine'
PACKAGE_URL=''
PACKAGE_VERSION='0.2.0'
PATH_SEPARATOR=':'
PYTHON='/usr/bin/python'
PYTHON_EXEC_PREFIX='${exec_prefix}'
PYTHON_PLATFORM='linux2'
PYTHON_PREFIX='${prefix}'
PYTHON_VERSION='2.6'
SET_MAKE=''
SHELL='/bin/sh'
STRIP=''
VERSION='0.2.0'
am__isrc=''
am__leading_dot='.'
am__tar='${AMTAR} chof - "$$tardir"'
am__untar='${AMTAR} xf -'
bindir='${prefix}/lib/telepathy'
build_alias='i486-linux-gnu'
datadir='${datarootdir}'
datarootdir='${prefix}/share'
docdir='${datarootdir}/doc/${PACKAGE_TARNAME}'
dvidir='${docdir}'
exec_prefix='${prefix}'
host_alias=''
htmldir='${docdir}'
includedir='${prefix}/include'
infodir='${prefix}/share/info'
install_sh='${SHELL} /home/Tomek/gg/telepathy-sunshine-0.2.0/install-sh'
libdir='${exec_prefix}/lib'
libexecdir='${prefix}/lib/telepathy'
localedir='${datarootdir}/locale'
localstatedir='/var'
mandir='${prefix}/share/man'
mkdir_p='/scratchbox/tools/bin/mkdir -p'
oldincludedir='/usr/include'
pdfdir='${docdir}'
pkgpyexecdir='${pyexecdir}/telepathy-sunshine'
pkgpythondir='${pythondir}/telepathy-sunshine'
prefix='/usr'
program_transform_name='s,x,x,'
psdir='${docdir}'
pyexecdir='${exec_prefix}/lib/python2.6/dist-packages'
pythondir='${prefix}/lib/python2.6/dist-packages'
sbindir='${exec_prefix}/sbin'
sharedstatedir='${prefix}/com'
sysconfdir='/etc'
target_alias=''

## ----------- ##
## confdefs.h. ##
## ----------- ##

/* confdefs.h */
#define PACKAGE_NAME "telepathy-sunshine"
#define PACKAGE_TARNAME "telepathy-sunshine"
#define PACKAGE_VERSION "0.2.0"
#define PACKAGE_STRING "telepathy-sunshine 0.2.0"
#define PACKAGE_BUGREPORT ""
#define PACKAGE_URL ""
#define PACKAGE "telepathy-sunshine"
#define VERSION "0.2.0"

configure: exit 0
